


ARM Macro Assembler    Page 1 


    1 00000000         ;=======================================================
                       ================================
    2 00000000         
    3 00000000         ;Assembly Program to turn on board LED of NUCLEO-F401RE 
                       when on board button is pressed
    4 00000000         
    5 00000000         ;=======================================================
                       ================================
    6 00000000         
    7 00000000 40023830 
                       RCC_AHB1ENR
                               EQU              0x40023830
    8 00000000 40020000 
                       GPIOA_MODER
                               EQU              0x40020000
    9 00000000 40020800 
                       GPIOC_MODER
                               EQU              0x40020800
   10 00000000 40020014 
                       GPIOA_ODR
                               EQU              0x40020014
   11 00000000 40020810 
                       GPIOC_IDR
                               EQU              0x40020810
   12 00000000         
   13 00000000                 AREA             |.text|, CODE, READONLY, ALIGN 
= 2
   14 00000000                 THUMB
   15 00000000                 EXPORT           __main
   16 00000000         
   17 00000000         __main                               ; entry point of pr
                                                            ogram
   18 00000000 F000 F80B       BL               LED_Init    ; branch to GPIOA_I
                                                            nit subroutine
   19 00000004 F000 F814       BL               BUTTON_Init
   20 00000008         LOOP
   21 00000008 F000 F81E       BL               LED_OFF     ; by default led is
                                                             off
   22 0000000C F000 F821       BL               INPUT       ; jump to subroutin
                                                            e to check input
   23 00000010 2800            CMP              R0, #0x0000 ; comapre input
   24 00000012 D013            BEQ              LED_ON      ; turn on led when 
                                                            button is pressed
   25 00000014 F000 F822       BL               DELAY       ; wait for switch d
                                                            ebounce
   26 00000018 E7F6            B                LOOP
   27 0000001A         
   28 0000001A         ;subroutine to configure PA5  
   29 0000001A         LED_Init
   30 0000001A         ; Enable GPIOA Clock
   31 0000001A 4914            LDR              R1, =RCC_AHB1ENR
   32 0000001C 6808            LDR              R0,[R1]     ; store current val
                                                            ue of RCC_AHB1ENR i
                                                            nto R0
   33 0000001E F040 0001       ORR              R0, R0,#0x0001 ; enable clock f
                                                            or GPIOA
   34 00000022 6008            STR              R0,[R1]     ; sotore modified v
                                                            alue back to RCC_AH
                                                            B1ENR



ARM Macro Assembler    Page 2 


   35 00000024         
   36 00000024         ; Set PA5 mode as output
   37 00000024 4912            LDR              R1, =GPIOA_MODER
   38 00000026 6808            LDR              R0, [R1]
   39 00000028 F440 6080       ORR              R0, R0, #0x0400
   40 0000002C 6008            STR              R0, [R1]
   41 0000002E 4770            BX               LR          ; return from subro
                                                            utine
   42 00000030         
   43 00000030         ; subroutine to configure PC13
   44 00000030         BUTTON_Init
   45 00000030 490E            LDR              R1, =RCC_AHB1ENR
   46 00000032 6808            LDR              R0,[R1]
   47 00000034 F040 0004       ORR              R0, R0,#0x04
   48 00000038 6008            STR              R0,[R1]
   49 0000003A 4770            BX               LR
   50 0000003C         
   51 0000003C         ; subroutine to turn on led
   52 0000003C         LED_ON
   53 0000003C 490D            LDR              R1, =GPIOA_ODR
   54 0000003E 6808            LDR              R0,[R1]
   55 00000040 F040 0020       ORR              R0, R0,#0x20
   56 00000044 6008            STR              R0,[R1]
   57 00000046 4770            BX               LR
   58 00000048         
   59 00000048         ; subroutine to turn off led
   60 00000048         LED_OFF
   61 00000048 F04F 0000       MOV              R0, #0x00
   62 0000004C 4909            LDR              R1, =GPIOA_ODR
   63 0000004E 6008            STR              R0, [R1]
   64 00000050 4770            BX               LR
   65 00000052         
   66 00000052         ;subroutine to check button status
   67 00000052         INPUT
   68 00000052 4909            LDR              R1, =GPIOC_IDR
   69 00000054 6808            LDR              R0, [R1]
   70 00000056 F400 5000       AND              R0, R0, #0x2000
   71 0000005A 4770            BX               LR
   72 0000005C         
   73 0000005C         ;delay subroutine
   74 0000005C         DELAY
   75 0000005C         ; MOVW followed by MOVT is used to load 32 bit immediate
                        value to register
   76 0000005C F64F 70FF       MOVW             R0, #0xFFFF ; MOVW loads lower 
                                                            16 bits
   77 00000060 F1A0 0001 
                       LOOP1   SUB              R0, R0, #1
   78 00000064 2800            CMP              R0, #0
   79 00000066 D1FB            BNE              LOOP1
   80 00000068 4770            BX               LR
   81 0000006A         
   82 0000006A 00 00           ALIGN
   83 0000006C                 END
              40023830 
              40020000 
              40020014 
              40020810 
Command Line: --debug --xref --diag_suppress=9931 --cpu=Cortex-M4.fp --apcs=int
erwork --depend=.\objects\button.d -o.\objects\button.o -I.\RTE\_Target_1 -IC:\



ARM Macro Assembler    Page 3 


Keil_ARM\ARM\CMSIS\5.7.0\CMSIS\Core\Include -IC:\Keil_ARM\Keil\STM32F4xx_DFP\2.
14.0\Drivers\CMSIS\Device\ST\STM32F4xx\Include --predefine="__EVAL SETA 1" --pr
edefine="__UVISION_VERSION SETA 527" --predefine="_RTE_ SETA 1" --predefine="ST
M32F401xE SETA 1" --list=.\listings\button.lst button.s



ARM Macro Assembler    Page 1 Alphabetic symbol ordering
Relocatable symbols

.text 00000000

Symbol: .text
   Definitions
      At line 13 in file button.s
   Uses
      None
Comment: .text unused
BUTTON_Init 00000030

Symbol: BUTTON_Init
   Definitions
      At line 44 in file button.s
   Uses
      At line 19 in file button.s
Comment: BUTTON_Init used once
DELAY 0000005C

Symbol: DELAY
   Definitions
      At line 74 in file button.s
   Uses
      At line 25 in file button.s
Comment: DELAY used once
INPUT 00000052

Symbol: INPUT
   Definitions
      At line 67 in file button.s
   Uses
      At line 22 in file button.s
Comment: INPUT used once
LED_Init 0000001A

Symbol: LED_Init
   Definitions
      At line 29 in file button.s
   Uses
      At line 18 in file button.s
Comment: LED_Init used once
LED_OFF 00000048

Symbol: LED_OFF
   Definitions
      At line 60 in file button.s
   Uses
      At line 21 in file button.s
Comment: LED_OFF used once
LED_ON 0000003C

Symbol: LED_ON
   Definitions
      At line 52 in file button.s
   Uses
      At line 24 in file button.s
Comment: LED_ON used once
LOOP 00000008

Symbol: LOOP



ARM Macro Assembler    Page 2 Alphabetic symbol ordering
Relocatable symbols

   Definitions
      At line 20 in file button.s
   Uses
      At line 26 in file button.s
Comment: LOOP used once
LOOP1 00000060

Symbol: LOOP1
   Definitions
      At line 77 in file button.s
   Uses
      At line 79 in file button.s
Comment: LOOP1 used once
__main 00000000

Symbol: __main
   Definitions
      At line 17 in file button.s
   Uses
      At line 15 in file button.s
Comment: __main used once
10 symbols



ARM Macro Assembler    Page 1 Alphabetic symbol ordering
Absolute symbols

GPIOA_MODER 40020000

Symbol: GPIOA_MODER
   Definitions
      At line 8 in file button.s
   Uses
      At line 37 in file button.s
Comment: GPIOA_MODER used once
GPIOA_ODR 40020014

Symbol: GPIOA_ODR
   Definitions
      At line 10 in file button.s
   Uses
      At line 53 in file button.s
      At line 62 in file button.s

GPIOC_IDR 40020810

Symbol: GPIOC_IDR
   Definitions
      At line 11 in file button.s
   Uses
      At line 68 in file button.s
Comment: GPIOC_IDR used once
GPIOC_MODER 40020800

Symbol: GPIOC_MODER
   Definitions
      At line 9 in file button.s
   Uses
      None
Comment: GPIOC_MODER unused
RCC_AHB1ENR 40023830

Symbol: RCC_AHB1ENR
   Definitions
      At line 7 in file button.s
   Uses
      At line 31 in file button.s
      At line 45 in file button.s

5 symbols
352 symbols in table
