


ARM Macro Assembler    Page 1 


    1 00000000         ;=======================================================
                       ========================
    2 00000000         
    3 00000000         ;Assembly Program to blink on board LED of NUCLEO-F401RE
                       
    4 00000000         
    5 00000000         ;Using Systick timer interrupt 
    6 00000000         
    7 00000000         ;=======================================================
                       ========================
    8 00000000         
    9 00000000 40023830 
                       RCC_AHB1ENR
                               EQU              0x40023830
   10 00000000 40020000 
                       GPIOA_MODER
                               EQU              0x40020000
   11 00000000 40020014 
                       GPIOA_ODR
                               EQU              0x40020014
   12 00000000 E000E010 
                       SYST_CSR
                               EQU              0xE000E010  ;Systick control an
                                                            d Status register
   13 00000000 E000E014 
                       SYST_RVR
                               EQU              0xE000E014  ;Systick Reload Val
                                                            ue Register
   14 00000000 E000E018 
                       SYST_CVR
                               EQU              0xE000E018  ;Systick Current Va
                                                            lue Register
   15 00000000         
   16 00000000                 AREA             |.text|, CODE, READONLY, ALIGN 
= 4
   17 00000000                 THUMB
   18 00000000                 EXPORT           __main
   19 00000000                 EXPORT           SysTick_Handler
   20 00000000         
   21 00000000         __main                               ; entry point of pr
                                                            ogram
   22 00000000 F000 F809       BL               GPIOA_Init  ; branch to GPIOA_I
                                                            nit subroutine
   23 00000004 F000 F812       BL               SYSTICK_Init
   24 00000008         LOOP
   25 00000008 E7FE            B                LOOP        ; stay in infinite 
                                                            loop
   26 0000000A         
   27 0000000A         SysTick_Handler
   28 0000000A B500            PUSH             {LR}
   29 0000000C F000 F81E       BL               TOGGLE_LED
   30 00000010 F85D EB04       POP              {LR}
   31 00000014 4770            BX               LR
   32 00000016         
   33 00000016         ;subroutine to configure PA5  
   34 00000016         GPIOA_Init
   35 00000016         ; Enable GPIOA Clock
   36 00000016 4910            LDR              R1, =RCC_AHB1ENR
   37 00000018 6808            LDR              R0,[R1]     ; store current val



ARM Macro Assembler    Page 2 


                                                            ue of RCC_AHB1ENR i
                                                            nto R0
   38 0000001A F040 0001       ORR              R0, R0,#0x0001 ; enable clock f
                                                            or GPIOA
   39 0000001E 6008            STR              R0,[R1]     ; sotore modified v
                                                            alue back to RCC_AH
                                                            B1ENR
   40 00000020         
   41 00000020         ; Set PA5 mode as output
   42 00000020 490E            LDR              R1, =GPIOA_MODER
   43 00000022 6808            LDR              R0, [R1]
   44 00000024 F440 6080       ORR              R0, R0, #0x0400
   45 00000028 6008            STR              R0, [R1]
   46 0000002A 4770            BX               LR          ; return from subro
                                                            utine
   47 0000002C         
   48 0000002C         SYSTICK_Init
   49 0000002C         ; Load Reload value into SYST_RVR
   50 0000002C F241 2300       MOVW             R3, #0x1200
   51 00000030 F2C0 037A       MOVT             R3, #0x007A
   52 00000034 4A0A            LDR              R2, =SYST_RVR
   53 00000036 6013            STR              R3, [R2]
   54 00000038         
   55 00000038         ; Clear Current Value Register
   56 00000038 F36F 031F       BFC              R3, #0, #32
   57 0000003C 4A09            LDR              R2, =SYST_CVR
   58 0000003E 6013            STR              R3, [R2]
   59 00000040         
   60 00000040         ; Configure control and Status register
   61 00000040 4A09            LDR              R2, =SYST_CSR
   62 00000042 6811            LDR              R1,[R2]
   63 00000044 F041 0107       ORR              R1, #0x07
   64 00000048 6011            STR              R1, [R2]
   65 0000004A 4770            BX               LR
   66 0000004C         
   67 0000004C         ; subroutine to toggle LED state
   68 0000004C         TOGGLE_LED
   69 0000004C 4907            LDR              R1, =GPIOA_ODR
   70 0000004E 6808            LDR              R0,[R1]     ;store value of ODR
                                                             into R0
   71 00000050 F080 0020       EOR              R0, #0x20   ;XOR R0 with 0x20 i
                                                            norder to blink
   72 00000054 6008            STR              R0, [R1]
   73 00000056 4770            BX               LR
   74 00000058         
   75 00000058                 ALIGN
   76 00000058                 END
              40023830 
              40020000 
              E000E014 
              E000E018 
              E000E010 
              40020014 
Command Line: --debug --xref --diag_suppress=9931 --cpu=Cortex-M4.fp --apcs=int
erwork --depend=.\objects\blink.d -o.\objects\blink.o -I.\RTE\_Target_1 -IC:\Ke
il_ARM\ARM\CMSIS\5.7.0\CMSIS\Core\Include -IC:\Keil_ARM\Keil\STM32F4xx_DFP\2.14
.0\Drivers\CMSIS\Device\ST\STM32F4xx\Include --predefine="__EVAL SETA 1" --pred
efine="__UVISION_VERSION SETA 527" --predefine="_RTE_ SETA 1" --predefine="STM3
2F401xE SETA 1" --list=.\listings\blink.lst Blink.s



ARM Macro Assembler    Page 1 Alphabetic symbol ordering
Relocatable symbols

.text 00000000

Symbol: .text
   Definitions
      At line 16 in file Blink.s
   Uses
      None
Comment: .text unused
GPIOA_Init 00000016

Symbol: GPIOA_Init
   Definitions
      At line 34 in file Blink.s
   Uses
      At line 22 in file Blink.s
Comment: GPIOA_Init used once
LOOP 00000008

Symbol: LOOP
   Definitions
      At line 24 in file Blink.s
   Uses
      At line 25 in file Blink.s
Comment: LOOP used once
SYSTICK_Init 0000002C

Symbol: SYSTICK_Init
   Definitions
      At line 48 in file Blink.s
   Uses
      At line 23 in file Blink.s
Comment: SYSTICK_Init used once
SysTick_Handler 0000000A

Symbol: SysTick_Handler
   Definitions
      At line 27 in file Blink.s
   Uses
      At line 19 in file Blink.s
Comment: SysTick_Handler used once
TOGGLE_LED 0000004C

Symbol: TOGGLE_LED
   Definitions
      At line 68 in file Blink.s
   Uses
      At line 29 in file Blink.s
Comment: TOGGLE_LED used once
__main 00000000

Symbol: __main
   Definitions
      At line 21 in file Blink.s
   Uses
      At line 18 in file Blink.s
Comment: __main used once
7 symbols



ARM Macro Assembler    Page 1 Alphabetic symbol ordering
Absolute symbols

GPIOA_MODER 40020000

Symbol: GPIOA_MODER
   Definitions
      At line 10 in file Blink.s
   Uses
      At line 42 in file Blink.s
Comment: GPIOA_MODER used once
GPIOA_ODR 40020014

Symbol: GPIOA_ODR
   Definitions
      At line 11 in file Blink.s
   Uses
      At line 69 in file Blink.s
Comment: GPIOA_ODR used once
RCC_AHB1ENR 40023830

Symbol: RCC_AHB1ENR
   Definitions
      At line 9 in file Blink.s
   Uses
      At line 36 in file Blink.s
Comment: RCC_AHB1ENR used once
SYST_CSR E000E010

Symbol: SYST_CSR
   Definitions
      At line 12 in file Blink.s
   Uses
      At line 61 in file Blink.s
Comment: SYST_CSR used once
SYST_CVR E000E018

Symbol: SYST_CVR
   Definitions
      At line 14 in file Blink.s
   Uses
      At line 57 in file Blink.s
Comment: SYST_CVR used once
SYST_RVR E000E014

Symbol: SYST_RVR
   Definitions
      At line 13 in file Blink.s
   Uses
      At line 52 in file Blink.s
Comment: SYST_RVR used once
6 symbols
350 symbols in table
