


ARM Macro Assembler    Page 1 


    1 00000000         ;=======================================================
                       =====================
    2 00000000         
    3 00000000         ;Assembly Program to toggle on board LED of NUCLEO-F401R
                       E 
    4 00000000         
    5 00000000         ;when on board button is pressed using interrupt
    6 00000000         
    7 00000000         ;=======================================================
                       =====================
    8 00000000         
    9 00000000 40023830 
                       RCC_AHB1ENR
                               EQU              0x40023830
   10 00000000 40023844 
                       RCC_APB2ENR
                               EQU              0x40023844
   11 00000000 40020000 
                       GPIOA_MODER
                               EQU              0x40020000
   12 00000000 40020800 
                       GPIOC_MODER
                               EQU              0x40020800
   13 00000000 40020014 
                       GPIOA_ODR
                               EQU              0x40020014
   14 00000000 40020810 
                       GPIOC_IDR
                               EQU              0x40020810
   15 00000000 40013814 
                       SYSCFG_EXTICR4
                               EQU              0x40013814
   16 00000000 40013C00 
                       EXTI_IMR
                               EQU              0x40013C00
   17 00000000 40013C0C 
                       EXTI_FTSR
                               EQU              0x40013C0C
   18 00000000 40013C14 
                       EXTI_PR EQU              0x40013C14
   19 00000000 E000E104 
                       NVIC_ISER1
                               EQU              0xE000E104
   20 00000000         
   21 00000000                 AREA             |.text|, CODE, READONLY, ALIGN 
= 2
   22 00000000                 THUMB
   23 00000000                 EXPORT           __main
   24 00000000                 EXPORT           EXTI15_10_IRQHandler
   25 00000000         
   26 00000000         __main                               ; entry point of pr
                                                            ogram
   27 00000000 F000 F80F       BL               LED_Init    ; configure PA5 
   28 00000004 F000 F818       BL               BUTTON_Init ; configure PC13
   29 00000008 F000 F81C       BL               IRQ_Enable  ; enable interrupt
   30 0000000C         LOOP
   31 0000000C E7FE            B                LOOP
   32 0000000E         
   33 0000000E         ; interrupt service routine



ARM Macro Assembler    Page 2 


   34 0000000E         EXTI15_10_IRQHandler
   35 0000000E B500            PUSH             {LR}        ; store address of 
                                                            next instruction 
   36 00000010 F000 F832       BL               CLEAR_PR
   37 00000014 F000 F835       BL               LED_TOGGLE  ; turn on led when 
                                                            button is pressed
   38 00000018 F000 F839       BL               DELAY       ; wait for switch d
                                                            ebounce
   39 0000001C F85D EB04       POP              {LR}        ; retrive address o
                                                            f next instruction
   40 00000020 4770            BX               LR          ; return to main pr
                                                            ogram
   41 00000022         
   42 00000022         ;subroutine to configure PA5  
   43 00000022         LED_Init
   44 00000022         ; Enable GPIOA Clock
   45 00000022 491E            LDR              R1, =RCC_AHB1ENR
   46 00000024 6808            LDR              R0,[R1]     ; store current val
                                                            ue of RCC_AHB1ENR i
                                                            nto R0
   47 00000026 F040 0001       ORR              R0, R0,#0x0001 ; enable clock f
                                                            or GPIOA
   48 0000002A 6008            STR              R0,[R1]     ; sotore modified v
                                                            alue back to RCC_AH
                                                            B1ENR
   49 0000002C         
   50 0000002C         ; Set PA5 mode as output
   51 0000002C 491C            LDR              R1, =GPIOA_MODER
   52 0000002E 6808            LDR              R0, [R1]
   53 00000030 F440 6080       ORR              R0, R0, #0x0400
   54 00000034 6008            STR              R0, [R1]
   55 00000036 4770            BX               LR          ; return from subro
                                                            utine
   56 00000038         
   57 00000038         ; subroutine to configure PC13
   58 00000038         BUTTON_Init
   59 00000038 4918            LDR              R1, =RCC_AHB1ENR
   60 0000003A 6808            LDR              R0,[R1]
   61 0000003C F040 0004       ORR              R0, R0,#0x04
   62 00000040 6008            STR              R0,[R1]
   63 00000042 4770            BX               LR
   64 00000044         
   65 00000044         IRQ_Enable
   66 00000044         ; Enable system configuration controller clock 
   67 00000044 4917            LDR              R1, =RCC_APB2ENR
   68 00000046 6808            LDR              R0,[R1]
   69 00000048 F440 4080       ORR              R0, R0,#0x4000
   70 0000004C 6008            STR              R0,[R1]
   71 0000004E         
   72 0000004E         ; Select external interrupt port
   73 0000004E 4916            LDR              R1, =SYSCFG_EXTICR4
   74 00000050 6808            LDR              R0,[R1]
   75 00000052 F040 0020       ORR              R0, R0,#0x0020
   76 00000056 6008            STR              R0,[R1]
   77 00000058         
   78 00000058         ;enable interrupt at NVIC
   79 00000058 4914            LDR              R1, =NVIC_ISER1
   80 0000005A 6808            LDR              R0,[R1]
   81 0000005C F440 7080       ORR              R0, R0,#0x0100



ARM Macro Assembler    Page 3 


   82 00000060 6008            STR              R0,[R1]
   83 00000062         
   84 00000062         ; Enable interrupt by unmasking IMR
   85 00000062 4913            LDR              R1, =EXTI_IMR
   86 00000064 6808            LDR              R0,[R1]
   87 00000066 F440 5000       ORR              R0, R0,#0x2000
   88 0000006A 6008            STR              R0,[R1]
   89 0000006C         
   90 0000006C         ; Select type of interrupt
   91 0000006C 4911            LDR              R1, =EXTI_FTSR
   92 0000006E 6808            LDR              R0,[R1]
   93 00000070 F440 5000       ORR              R0, R0,#0x2000
   94 00000074 6008            STR              R0,[R1]
   95 00000076 4770            BX               LR
   96 00000078         
   97 00000078         ;clear interrupt pending register   
   98 00000078         CLEAR_PR
   99 00000078 F44F 5000       MOV              R0, #0x2000
  100 0000007C 490E            LDR              R1, =EXTI_PR
  101 0000007E 6008            STR              R0,[R1]
  102 00000080 4770            BX               LR
  103 00000082         
  104 00000082         ; subroutine to toggle led
  105 00000082         LED_TOGGLE
  106 00000082 490E            LDR              R1, =GPIOA_ODR
  107 00000084 6808            LDR              R0,[R1]
  108 00000086 F080 0020       EOR              R0, #0x20
  109 0000008A 6008            STR              R0,[R1]
  110 0000008C 4770            BX               LR
  111 0000008E         
  112 0000008E         ;delay subroutine
  113 0000008E         DELAY
  114 0000008E         ; MOVW followed by MOVT is used to load 32 bit immediate
                        value to register
  115 0000008E F64F 70FF       MOVW             R0, #0xFFFF ; MOVW loads lower 
                                                            16 bits
  116 00000092 F1A0 0001 
                       LOOP1   SUB              R0, R0, #1
  117 00000096 2800            CMP              R0, #0
  118 00000098 D1FB            BNE              LOOP1
  119 0000009A 4770            BX               LR
  120 0000009C         
  121 0000009C                 ALIGN
  122 0000009C                 END
              40023830 
              40020000 
              40023844 
              40013814 
              E000E104 
              40013C00 
              40013C0C 
              40013C14 
              40020014 
Command Line: --debug --xref --diag_suppress=9931 --cpu=Cortex-M4.fp --apcs=int
erwork --depend=.\objects\button.d -o.\objects\button.o -I.\RTE\_Target_1 -IC:\
Keil_ARM\ARM\CMSIS\5.7.0\CMSIS\Core\Include -IC:\Keil_ARM\Keil\STM32F4xx_DFP\2.
14.0\Drivers\CMSIS\Device\ST\STM32F4xx\Include --predefine="__EVAL SETA 1" --pr
edefine="__UVISION_VERSION SETA 527" --predefine="_RTE_ SETA 1" --predefine="ST
M32F401xE SETA 1" --list=.\listings\button.lst button.s



ARM Macro Assembler    Page 1 Alphabetic symbol ordering
Relocatable symbols

.text 00000000

Symbol: .text
   Definitions
      At line 21 in file button.s
   Uses
      None
Comment: .text unused
BUTTON_Init 00000038

Symbol: BUTTON_Init
   Definitions
      At line 58 in file button.s
   Uses
      At line 28 in file button.s
Comment: BUTTON_Init used once
CLEAR_PR 00000078

Symbol: CLEAR_PR
   Definitions
      At line 98 in file button.s
   Uses
      At line 36 in file button.s
Comment: CLEAR_PR used once
DELAY 0000008E

Symbol: DELAY
   Definitions
      At line 113 in file button.s
   Uses
      At line 38 in file button.s
Comment: DELAY used once
EXTI15_10_IRQHandler 0000000E

Symbol: EXTI15_10_IRQHandler
   Definitions
      At line 34 in file button.s
   Uses
      At line 24 in file button.s
Comment: EXTI15_10_IRQHandler used once
IRQ_Enable 00000044

Symbol: IRQ_Enable
   Definitions
      At line 65 in file button.s
   Uses
      At line 29 in file button.s
Comment: IRQ_Enable used once
LED_Init 00000022

Symbol: LED_Init
   Definitions
      At line 43 in file button.s
   Uses
      At line 27 in file button.s
Comment: LED_Init used once
LED_TOGGLE 00000082

Symbol: LED_TOGGLE



ARM Macro Assembler    Page 2 Alphabetic symbol ordering
Relocatable symbols

   Definitions
      At line 105 in file button.s
   Uses
      At line 37 in file button.s
Comment: LED_TOGGLE used once
LOOP 0000000C

Symbol: LOOP
   Definitions
      At line 30 in file button.s
   Uses
      At line 31 in file button.s
Comment: LOOP used once
LOOP1 00000092

Symbol: LOOP1
   Definitions
      At line 116 in file button.s
   Uses
      At line 118 in file button.s
Comment: LOOP1 used once
__main 00000000

Symbol: __main
   Definitions
      At line 26 in file button.s
   Uses
      At line 23 in file button.s
Comment: __main used once
11 symbols



ARM Macro Assembler    Page 1 Alphabetic symbol ordering
Absolute symbols

EXTI_FTSR 40013C0C

Symbol: EXTI_FTSR
   Definitions
      At line 17 in file button.s
   Uses
      At line 91 in file button.s
Comment: EXTI_FTSR used once
EXTI_IMR 40013C00

Symbol: EXTI_IMR
   Definitions
      At line 16 in file button.s
   Uses
      At line 85 in file button.s
Comment: EXTI_IMR used once
EXTI_PR 40013C14

Symbol: EXTI_PR
   Definitions
      At line 18 in file button.s
   Uses
      At line 100 in file button.s
Comment: EXTI_PR used once
GPIOA_MODER 40020000

Symbol: GPIOA_MODER
   Definitions
      At line 11 in file button.s
   Uses
      At line 51 in file button.s
Comment: GPIOA_MODER used once
GPIOA_ODR 40020014

Symbol: GPIOA_ODR
   Definitions
      At line 13 in file button.s
   Uses
      At line 106 in file button.s
Comment: GPIOA_ODR used once
GPIOC_IDR 40020810

Symbol: GPIOC_IDR
   Definitions
      At line 14 in file button.s
   Uses
      None
Comment: GPIOC_IDR unused
GPIOC_MODER 40020800

Symbol: GPIOC_MODER
   Definitions
      At line 12 in file button.s
   Uses
      None
Comment: GPIOC_MODER unused
NVIC_ISER1 E000E104

Symbol: NVIC_ISER1



ARM Macro Assembler    Page 2 Alphabetic symbol ordering
Absolute symbols

   Definitions
      At line 19 in file button.s
   Uses
      At line 79 in file button.s
Comment: NVIC_ISER1 used once
RCC_AHB1ENR 40023830

Symbol: RCC_AHB1ENR
   Definitions
      At line 9 in file button.s
   Uses
      At line 45 in file button.s
      At line 59 in file button.s

RCC_APB2ENR 40023844

Symbol: RCC_APB2ENR
   Definitions
      At line 10 in file button.s
   Uses
      At line 67 in file button.s
Comment: RCC_APB2ENR used once
SYSCFG_EXTICR4 40013814

Symbol: SYSCFG_EXTICR4
   Definitions
      At line 15 in file button.s
   Uses
      At line 73 in file button.s
Comment: SYSCFG_EXTICR4 used once
11 symbols
359 symbols in table
